2025-08-23 13:11:36,655 - INFO - Update tracking database initialized
2025-08-23 13:13:34,066 - INFO - Update tracking database initialized
2025-08-23 13:13:46,255 - INFO - Update tracking database initialized
2025-08-23 13:14:43,968 - INFO - Update tracking database initialized
2025-08-23 13:14:43,969 - INFO - Starting automated data update...
2025-08-23 13:14:43,970 - INFO - Processing metro_zhvi...
2025-08-23 13:14:43,970 - INFO - Downloading Metro ZHVI data...
2025-08-23 13:14:45,846 - INFO - Successfully downloaded Metro ZHVI: 895 rows, 312 columns
2025-08-23 13:14:47,872 - INFO - Processing neighborhood_zhvi...
2025-08-23 13:14:47,873 - INFO - Downloading Neighborhood ZHVI data...
2025-08-23 13:15:13,629 - INFO - Successfully downloaded Neighborhood ZHVI: 21,621 rows, 316 columns
2025-08-23 13:18:33,705 - INFO - Update tracking database initialized
2025-08-23 13:20:21,208 - INFO - Update tracking database initialized
2025-08-23 13:20:21,209 - INFO - Starting automated data update...
2025-08-23 13:20:21,209 - INFO - Processing metro_zhvi...
2025-08-23 13:20:21,209 - INFO - Downloading Metro ZHVI data...
2025-08-23 13:20:22,376 - INFO - Successfully downloaded Metro ZHVI: 895 rows, 312 columns
2025-08-23 13:20:24,401 - INFO - Processing neighborhood_zhvi...
2025-08-23 13:20:24,402 - INFO - Downloading Neighborhood ZHVI data...
2025-08-23 13:20:42,970 - INFO - Successfully downloaded Neighborhood ZHVI: 21,621 rows, 316 columns
2025-08-23 13:21:02,103 - INFO - Update tracking database initialized
2025-08-23 13:24:27,885 - INFO - Update tracking database initialized
2025-08-23 13:24:27,888 - INFO - Starting automated data update...
2025-08-23 13:24:27,889 - INFO - Processing metro_zhvi...
2025-08-23 13:24:27,890 - INFO - Downloading Metro ZHVI data...
2025-08-23 13:24:29,853 - INFO - Successfully downloaded Metro ZHVI: 895 rows, 312 columns
2025-08-23 13:24:31,875 - INFO - Processing neighborhood_zhvi...
2025-08-23 13:24:31,875 - INFO - Downloading Neighborhood ZHVI data...
2025-08-23 13:24:58,738 - INFO - Successfully downloaded Neighborhood ZHVI: 21,621 rows, 316 columns
2025-08-23 13:26:02,650 - INFO - Loaded 23 data sources from configuration
2025-08-23 13:26:02,652 - INFO - Update tracking database initialized
2025-08-23 13:26:16,358 - INFO - Loaded 23 data sources from configuration
2025-08-23 13:26:16,361 - INFO - Update tracking database initialized
2025-08-23 13:26:16,361 - INFO - Starting automated data update...
2025-08-23 13:26:16,362 - INFO - Processing metro_zhvi...
2025-08-23 13:26:16,362 - INFO - Downloading Metro ZHVI - All Homes data...
2025-08-23 13:26:17,663 - INFO - Successfully downloaded Metro ZHVI - All Homes: 895 rows, 312 columns
2025-08-23 13:26:19,684 - INFO - Processing neighborhood_zhvi...
2025-08-23 13:26:19,685 - INFO - Downloading Neighborhood ZHVI - All Homes data...
2025-08-23 13:26:39,357 - INFO - Successfully downloaded Neighborhood ZHVI - All Homes: 21,621 rows, 316 columns
2025-08-23 13:26:41,388 - INFO - Processing metro_zhvi_top_tier...
2025-08-23 13:26:41,389 - INFO - Downloading Metro ZHVI - Top Tier data...
2025-08-23 13:26:41,486 - ERROR - Failed to download Metro ZHVI - Top Tier: 404 Client Error: Not Found for url: https://files.zillowstatic.com/research/public_csvs/zhvi/Metro_zhvi_uc_sfrcondo_tier_0.65_0.95_sm_sa_month.csv
2025-08-23 13:26:43,522 - INFO - Processing metro_zhvi_bottom_tier...
2025-08-23 13:26:43,522 - INFO - Downloading Metro ZHVI - Bottom Tier data...
2025-08-23 13:26:43,618 - ERROR - Failed to download Metro ZHVI - Bottom Tier: 404 Client Error: Not Found for url: https://files.zillowstatic.com/research/public_csvs/zhvi/Metro_zhvi_uc_sfrcondo_tier_0.05_0.35_sm_sa_month.csv
2025-08-23 13:26:45,653 - INFO - Processing metro_zhvi_sfr...
2025-08-23 13:26:45,654 - INFO - Downloading Metro ZHVI - Single Family data...
2025-08-23 13:26:46,665 - INFO - Successfully downloaded Metro ZHVI - Single Family: 895 rows, 312 columns
2025-08-23 13:26:48,687 - INFO - Processing metro_zhvi_condo...
2025-08-23 13:26:48,688 - INFO - Downloading Metro ZHVI - Condo/Co-op data...
2025-08-23 13:26:49,465 - INFO - Successfully downloaded Metro ZHVI - Condo/Co-op: 624 rows, 312 columns
2025-08-23 13:26:51,480 - INFO - Processing metro_zhvf...
2025-08-23 13:26:51,480 - INFO - Downloading Metro ZHVF - Home Value Forecasts data...
2025-08-23 13:26:51,573 - ERROR - Failed to download Metro ZHVF - Home Value Forecasts: 404 Client Error: Not Found for url: https://files.zillowstatic.com/research/public_csvs/zhvf/Metro_zhvf_uc_sfrcondo_sm_sa_month.csv
2025-08-23 13:26:53,602 - INFO - Processing us_zhvf...
2025-08-23 13:26:53,603 - INFO - Downloading US ZHVF - Home Value Forecasts data...
2025-08-23 13:26:54,090 - ERROR - Failed to download US ZHVF - Home Value Forecasts: 404 Client Error: Not Found for url: https://files.zillowstatic.com/research/public_csvs/zhvf/United_States_zhvf_uc_sfrcondo_sm_sa_month.csv
2025-08-23 13:26:56,113 - INFO - Processing metro_zori...
2025-08-23 13:26:56,115 - INFO - Downloading Metro ZORI - Rent Index data...
2025-08-23 13:26:56,207 - ERROR - Failed to download Metro ZORI - Rent Index: 404 Client Error: Not Found for url: https://files.zillowstatic.com/research/public_csvs/zori/Metro_zori_sm_sa_month.csv
2025-08-23 13:26:58,235 - INFO - Processing us_zori...
2025-08-23 13:26:58,236 - INFO - Downloading US ZORI - Rent Index data...
2025-08-23 13:26:58,322 - ERROR - Failed to download US ZORI - Rent Index: 404 Client Error: Not Found for url: https://files.zillowstatic.com/research/public_csvs/zori/United_States_zori_sm_sa_month.csv
2025-08-23 13:27:00,339 - INFO - Processing metro_zordi...
2025-08-23 13:27:00,340 - INFO - Downloading Metro ZORDI - Renter Demand data...
2025-08-23 13:27:00,440 - ERROR - Failed to download Metro ZORDI - Renter Demand: 404 Client Error: Not Found for url: https://files.zillowstatic.com/research/public_csvs/zordi/Metro_zordi_sm_month.csv
2025-08-23 13:27:02,466 - INFO - Processing metro_inventory...
2025-08-23 13:27:02,467 - INFO - Downloading Metro For-Sale Inventory data...
2025-08-23 13:27:02,559 - ERROR - Failed to download Metro For-Sale Inventory: 404 Client Error: Not Found for url: https://files.zillowstatic.com/research/public_csvs/inventory/Metro_invt_fs_uc_sfrcondo_smoothed_month.csv
2025-08-23 13:27:04,584 - INFO - Processing metro_new_listings...
2025-08-23 13:27:04,585 - INFO - Downloading Metro New Listings data...
2025-08-23 13:27:04,691 - ERROR - Failed to download Metro New Listings: 404 Client Error: Not Found for url: https://files.zillowstatic.com/research/public_csvs/new_listings/Metro_new_listings_uc_sfrcondo_smoothed_month.csv
2025-08-23 13:27:06,715 - INFO - Processing metro_median_list_price...
2025-08-23 13:27:06,716 - INFO - Downloading Metro Median List Price data...
2025-08-23 13:27:06,827 - ERROR - Failed to download Metro Median List Price: 404 Client Error: Not Found for url: https://files.zillowstatic.com/research/public_csvs/list_price/Metro_median_list_price_uc_sfrcondo_smoothed_month.csv
2025-08-23 13:27:08,850 - INFO - Processing metro_sales_count...
2025-08-23 13:27:08,850 - INFO - Downloading Metro Sales Count data...
2025-08-23 13:27:08,939 - ERROR - Failed to download Metro Sales Count: 404 Client Error: Not Found for url: https://files.zillowstatic.com/research/public_csvs/sales_count/Metro_sales_count_uc_sfrcondo_month.csv
2025-08-23 13:27:10,975 - INFO - Processing metro_median_sale_price...
2025-08-23 13:27:10,976 - INFO - Downloading Metro Median Sale Price data...
2025-08-23 13:27:11,069 - ERROR - Failed to download Metro Median Sale Price: 404 Client Error: Not Found for url: https://files.zillowstatic.com/research/public_csvs/sale_prices/Metro_median_sale_price_uc_sfrcondo_month.csv
2025-08-23 13:27:13,095 - INFO - Processing metro_days_to_pending...
2025-08-23 13:27:13,096 - INFO - Downloading Metro Days to Pending data...
2025-08-23 13:27:13,195 - ERROR - Failed to download Metro Days to Pending: 404 Client Error: Not Found for url: https://files.zillowstatic.com/research/public_csvs/days_to_pending/Metro_dom_uc_sfrcondo_smoothed_month.csv
2025-08-23 13:27:15,222 - INFO - Processing metro_price_cuts...
2025-08-23 13:27:15,223 - INFO - Downloading Metro Price Cuts data...
2025-08-23 13:27:15,324 - ERROR - Failed to download Metro Price Cuts: 404 Client Error: Not Found for url: https://files.zillowstatic.com/research/public_csvs/price_cuts/Metro_pct_price_cut_uc_sfrcondo_smoothed_month.csv
2025-08-23 13:27:17,362 - INFO - Processing metro_market_heat...
2025-08-23 13:27:17,362 - INFO - Downloading Metro Market Heat Index data...
2025-08-23 13:27:17,465 - ERROR - Failed to download Metro Market Heat Index: 404 Client Error: Not Found for url: https://files.zillowstatic.com/research/public_csvs/market_heat/Metro_market_heat_index_uc_sfrcondo_month.csv
2025-08-23 13:27:19,496 - INFO - Processing metro_new_construction_sales...
2025-08-23 13:27:19,497 - INFO - Downloading Metro New Construction Sales data...
2025-08-23 13:27:19,584 - ERROR - Failed to download Metro New Construction Sales: 404 Client Error: Not Found for url: https://files.zillowstatic.com/research/public_csvs/new_construction/Metro_new_construction_sales_count_uc_sfrcondo_month.csv
2025-08-23 13:27:21,623 - INFO - Processing metro_new_construction_prices...
2025-08-23 13:27:21,624 - INFO - Downloading Metro New Construction Prices data...
2025-08-23 13:27:21,721 - ERROR - Failed to download Metro New Construction Prices: 404 Client Error: Not Found for url: https://files.zillowstatic.com/research/public_csvs/new_construction/Metro_new_construction_median_sale_price_uc_sfrcondo_month.csv
2025-08-23 13:27:23,741 - INFO - Processing metro_affordability_income...
2025-08-23 13:27:23,741 - INFO - Downloading Metro Homeowner Income Needed data...
2025-08-23 13:27:23,825 - ERROR - Failed to download Metro Homeowner Income Needed: 404 Client Error: Not Found for url: https://files.zillowstatic.com/research/public_csvs/affordability/Metro_affordability_income_uc_sfrcondo_smoothed_month.csv
2025-08-23 13:27:25,856 - INFO - Processing metro_affordability_share...
2025-08-23 13:27:25,857 - INFO - Downloading Metro Homeowner Affordability Share data...
2025-08-23 13:27:25,951 - ERROR - Failed to download Metro Homeowner Affordability Share: 404 Client Error: Not Found for url: https://files.zillowstatic.com/research/public_csvs/affordability/Metro_affordability_share_uc_sfrcondo_smoothed_month.csv
